<?xml version="1.0" encoding="UTF-8"?>
<testng-results ignored="0" total="1" passed="1" failed="0" skipped="0">
  <reporter-output>
  </reporter-output>
  <suite started-at="2025-04-04T13:03:01 IST" name="Default suite" finished-at="2025-04-04T13:05:36 IST" duration-ms="154805">
    <groups>
    </groups>
    <test started-at="2025-04-04T13:03:01 IST" name="Default test" finished-at="2025-04-04T13:05:36 IST" duration-ms="154805">
      <class name="libil.Test.NearSearchTest">
        <test-method is-config="true" signature="launchBrowser()[pri:0, instance:libil.Test.NearSearchTest@ca93621]" started-at="2025-04-04T13:03:01 IST" name="launchBrowser" finished-at="2025-04-04T13:03:08 IST" duration-ms="6872" status="PASS">
          <reporter-output>
          </reporter-output>
        </test-method> <!-- launchBrowser -->
        <test-method signature="verifyNearSearchOptionsProvideResult()[pri:1, instance:libil.Test.NearSearchTest@ca93621]" started-at="2025-04-04T13:03:08 IST" name="verifyNearSearchOptionsProvideResult" description="Verifing Near search options" finished-at="2025-04-04T13:05:35 IST" duration-ms="146757" status="PASS">
          <reporter-output>
          </reporter-output>
        </test-method> <!-- verifyNearSearchOptionsProvideResult -->
        <test-method is-config="true" signature="closeBrowser()[pri:0, instance:libil.Test.NearSearchTest@ca93621]" started-at="2025-04-04T13:05:35 IST" name="closeBrowser" finished-at="2025-04-04T13:05:36 IST" duration-ms="585" status="PASS">
          <reporter-output>
          </reporter-output>
        </test-method> <!-- closeBrowser -->
      </class> <!-- libil.Test.NearSearchTest -->
    </test> <!-- Default test -->
  </suite> <!-- Default suite -->
</testng-results>
